# JRE version: OpenJDK Runtime Environment Temurin-21.0.11+10 (21.0.11+10) (build 21.0.11+10-LTS)
# Java VM: OpenJDK 64-Bit Server VM Temurin-21.0.11+10 (21.0.11+10-LTS, mixed mode, sharing, tiered, compressed oops, compressed class ptrs, parallel gc, windows-amd64)
GC Precious Log:
 CardTable entry size: 512
 CPUs: 16 total, 16 available
 Memory: 16088M
 Large Page Support: Disabled
 NUMA Support: Disabled
 Compressed Oops: Enabled (32-bit)
 Alignments: Space 512K, Generation 512K, Heap 2M
 Heap Min Capacity: 100M
 Heap Initial Capacity: 100M
 Heap Max Capacity: 2G
 Pre-touch: Disabled
 Parallel Workers: 13
Heap:
 PSYoungGen      total 13312K, used 10159K [0x00000000d5580000, 0x00000000d6b80000, 0x0000000100000000)
  eden space 12800K, 77% used [0x00000000d5580000,0x00000000d5f23ee8,0x00000000d6200000)
  from space 512K, 56% used [0x00000000d6b00000,0x00000000d6b48000,0x00000000d6b80000)
  to   space 512K, 0% used [0x00000000d6a80000,0x00000000d6a80000,0x00000000d6b00000)
 ParOldGen       total 186368K, used 186053K [0x0000000080000000, 0x000000008b600000, 0x00000000d5580000)
  object space 186368K, 99% used [0x0000000080000000,0x000000008b5b1490,0x000000008b600000)
 Metaspace       used 75140K, committed 76736K, reserved 1179648K
  class space    used 7891K, committed 8640K, reserved 1048576K
GC Heap History (20 events):
Event: 110.344 GC heap before
{Heap before GC invocations=80 (full 3):
 PSYoungGen      total 13312K, used 13282K [0x00000000d5580000, 0x00000000d6700000, 0x0000000100000000)
  eden space 12800K, 100% used [0x00000000d5580000,0x00000000d6200000,0x00000000d6200000)
  from space 512K, 94% used [0x00000000d6500000,0x00000000d6578830,0x00000000d6580000)
  to   space 2560K, 0% used [0x00000000d6200000,0x00000000d6200000,0x00000000d6480000)
 ParOldGen       total 169984K, used 169823K [0x0000000080000000, 0x000000008a600000, 0x00000000d5580000)
  object space 169984K, 99% used [0x0000000080000000,0x000000008a5d7f60,0x000000008a600000)
 Metaspace       used 73710K, committed 75136K, reserved 1179648K
  class space    used 7728K, committed 8384K, reserved 1048576K
}
Event: 110.346 GC heap after
{Heap after GC invocations=80 (full 3):
 PSYoungGen      total 14336K, used 1056K [0x00000000d5580000, 0x00000000d6580000, 0x0000000100000000)
  eden space 12800K, 0% used [0x00000000d5580000,0x00000000d5580000,0x00000000d6200000)
  from space 1536K, 68% used [0x00000000d6200000,0x00000000d6308000,0x00000000d6380000)
  to   space 1536K, 0% used [0x00000000d6400000,0x00000000d6400000,0x00000000d6580000)
 ParOldGen       total 170496K, used 170038K [0x0000000080000000, 0x000000008a680000, 0x00000000d5580000)
  object space 170496K, 99% used [0x0000000080000000,0x000000008a60d9a0,0x000000008a680000)
 Metaspace       used 73710K, committed 75136K, reserved 1179648K
  class space    used 7728K, committed 8384K, reserved 1048576K
}
Event: 111.257 GC heap before
{Heap before GC invocations=81 (full 3):
 PSYoungGen      total 14336K, used 13856K [0x00000000d5580000, 0x00000000d6580000, 0x0000000100000000)
  eden space 12800K, 100% used [0x00000000d5580000,0x00000000d6200000,0x00000000d6200000)
  from space 1536K, 68% used [0x00000000d6200000,0x00000000d6308000,0x00000000d6380000)
  to   space 1536K, 0% used [0x00000000d6400000,0x00000000d6400000,0x00000000d6580000)
 ParOldGen       total 170496K, used 170038K [0x0000000080000000, 0x000000008a680000, 0x00000000d5580000)
  object space 170496K, 99% used [0x0000000080000000,0x000000008a60d9a0,0x000000008a680000)
 Metaspace       used 74595K, committed 76096K, reserved 1179648K
  class space    used 7859K, committed 8512K, reserved 1048576K
}
Event: 111.261 GC heap after
{Heap after GC invocations=81 (full 3):
 PSYoungGen      total 14336K, used 1120K [0x00000000d5580000, 0x00000000d6580000, 0x0000000100000000)
  eden space 12800K, 0% used [0x00000000d5580000,0x00000000d5580000,0x00000000d6200000)
  from space 1536K, 72% used [0x00000000d6400000,0x00000000d6518000,0x00000000d6580000)
  to   space 1536K, 0% used [0x00000000d6200000,0x00000000d6200000,0x00000000d6380000)
 ParOldGen       total 171008K, used 170846K [0x0000000080000000, 0x000000008a700000, 0x00000000d5580000)
  object space 171008K, 99% used [0x0000000080000000,0x000000008a6d79a0,0x000000008a700000)
 Metaspace       used 74595K, committed 76096K, reserved 1179648K
  class space    used 7859K, committed 8512K, reserved 1048576K
}
Event: 112.001 GC heap before
{Heap before GC invocations=82 (full 3):
 PSYoungGen      total 14336K, used 13920K [0x00000000d5580000, 0x00000000d6580000, 0x0000000100000000)
  eden space 12800K, 100% used [0x00000000d5580000,0x00000000d6200000,0x00000000d6200000)
  from space 1536K, 72% used [0x00000000d6400000,0x00000000d6518000,0x00000000d6580000)
  to   space 1536K, 0% used [0x00000000d6200000,0x00000000d6200000,0x00000000d6380000)
 ParOldGen       total 171008K, used 170846K [0x0000000080000000, 0x000000008a700000, 0x00000000d5580000)
  object space 171008K, 99% used [0x0000000080000000,0x000000008a6d79a0,0x000000008a700000)
 Metaspace       used 74627K, committed 76160K, reserved 1179648K
  class space    used 7860K, committed 8512K, reserved 1048576K
}
Event: 112.006 GC heap after
{Heap after GC invocations=82 (full 3):
 PSYoungGen      total 14336K, used 1508K [0x00000000d5580000, 0x00000000d7000000, 0x0000000100000000)
  eden space 12800K, 0% used [0x00000000d5580000,0x00000000d5580000,0x00000000d6200000)
  from space 1536K, 98% used [0x00000000d6200000,0x00000000d6379060,0x00000000d6380000)
  to   space 7168K, 0% used [0x00000000d6900000,0x00000000d6900000,0x00000000d7000000)
 ParOldGen       total 175616K, used 175387K [0x0000000080000000, 0x000000008ab80000, 0x00000000d5580000)
  object space 175616K, 99% used [0x0000000080000000,0x000000008ab46e30,0x000000008ab80000)
 Metaspace       used 74627K, committed 76160K, reserved 1179648K
  class space    used 7860K, committed 8512K, reserved 1048576K
}
Event: 112.584 GC heap before
{Heap before GC invocations=83 (full 3):
 PSYoungGen      total 14336K, used 14308K [0x00000000d5580000, 0x00000000d7000000, 0x0000000100000000)
  eden space 12800K, 100% used [0x00000000d5580000,0x00000000d6200000,0x00000000d6200000)
  from space 1536K, 98% used [0x00000000d6200000,0x00000000d6379060,0x00000000d6380000)
  to   space 7168K, 0% used [0x00000000d6900000,0x00000000d6900000,0x00000000d7000000)
 ParOldGen       total 175616K, used 175387K [0x0000000080000000, 0x000000008ab80000, 0x00000000d5580000)
  object space 175616K, 99% used [0x0000000080000000,0x000000008ab46e30,0x000000008ab80000)
 Metaspace       used 74675K, committed 76160K, reserved 1179648K
  class space    used 7860K, committed 8512K, reserved 1048576K
}
Event: 112.589 GC heap after
{Heap after GC invocations=83 (full 3):
 PSYoungGen      total 16896K, used 3782K [0x00000000d5580000, 0x00000000d6d00000, 0x0000000100000000)
  eden space 12800K, 0% used [0x00000000d5580000,0x00000000d5580000,0x00000000d6200000)
  from space 4096K, 92% used [0x00000000d6900000,0x00000000d6cb1a00,0x00000000d6d00000)
  to   space 4608K, 0% used [0x00000000d6400000,0x00000000d6400000,0x00000000d6880000)
 ParOldGen       total 175616K, used 175451K [0x0000000080000000, 0x000000008ab80000, 0x00000000d5580000)
  object space 175616K, 99% used [0x0000000080000000,0x000000008ab56e30,0x000000008ab80000)
 Metaspace       used 74675K, committed 76160K, reserved 1179648K
  class space    used 7860K, committed 8512K, reserved 1048576K
}
Event: 144.737 GC heap before
{Heap before GC invocations=84 (full 3):
 PSYoungGen      total 16896K, used 16582K [0x00000000d5580000, 0x00000000d6d00000, 0x0000000100000000)
  eden space 12800K, 100% used [0x00000000d5580000,0x00000000d6200000,0x00000000d6200000)
  from space 4096K, 92% used [0x00000000d6900000,0x00000000d6cb1a00,0x00000000d6d00000)
  to   space 4608K, 0% used [0x00000000d6400000,0x00000000d6400000,0x00000000d6880000)
 ParOldGen       total 175616K, used 175451K [0x0000000080000000, 0x000000008ab80000, 0x00000000d5580000)
  object space 175616K, 99% used [0x0000000080000000,0x000000008ab56e30,0x000000008ab80000)
 Metaspace       used 74752K, committed 76352K, reserved 1179648K
  class space    used 7862K, committed 8576K, reserved 1048576K
}
Event: 144.741 GC heap after
{Heap after GC invocations=84 (full 3):
 PSYoungGen      total 15872K, used 2637K [0x00000000d5580000, 0x00000000d6980000, 0x0000000100000000)
  eden space 12800K, 0% used [0x00000000d5580000,0x00000000d5580000,0x00000000d6200000)
  from space 3072K, 85% used [0x00000000d6400000,0x00000000d66937f0,0x00000000d6700000)
  to   space 2560K, 0% used [0x00000000d6700000,0x00000000d6700000,0x00000000d6980000)
 ParOldGen       total 179200K, used 178802K [0x0000000080000000, 0x000000008af00000, 0x00000000d5580000)
  object space 179200K, 99% used [0x0000000080000000,0x000000008ae9c820,0x000000008af00000)
 Metaspace       used 74752K, committed 76352K, reserved 1179648K
  class space    used 7862K, committed 8576K, reserved 1048576K
}
Event: 146.475 GC heap before
{Heap before GC invocations=85 (full 3):
 PSYoungGen      total 15872K, used 15437K [0x00000000d5580000, 0x00000000d6980000, 0x0000000100000000)
  eden space 12800K, 100% used [0x00000000d5580000,0x00000000d6200000,0x00000000d6200000)
  from space 3072K, 85% used [0x00000000d6400000,0x00000000d66937f0,0x00000000d6700000)
  to   space 2560K, 0% used [0x00000000d6700000,0x00000000d6700000,0x00000000d6980000)
 ParOldGen       total 179200K, used 178802K [0x0000000080000000, 0x000000008af00000, 0x00000000d5580000)
  object space 179200K, 99% used [0x0000000080000000,0x000000008ae9c820,0x000000008af00000)
 Metaspace       used 74771K, committed 76352K, reserved 1179648K
  class space    used 7862K, committed 8576K, reserved 1048576K
}
Event: 146.477 GC heap after
{Heap after GC invocations=85 (full 3):
 PSYoungGen      total 15360K, used 2541K [0x00000000d5580000, 0x00000000d6980000, 0x0000000100000000)
  eden space 12800K, 0% used [0x00000000d5580000,0x00000000d5580000,0x00000000d6200000)
  from space 2560K, 99% used [0x00000000d6700000,0x00000000d697b7f0,0x00000000d6980000)
  to   space 3072K, 0% used [0x00000000d6380000,0x00000000d6380000,0x00000000d6680000)
 ParOldGen       total 179200K, used 178882K [0x0000000080000000, 0x000000008af00000, 0x00000000d5580000)
  object space 179200K, 99% used [0x0000000080000000,0x000000008aeb0820,0x000000008af00000)
 Metaspace       used 74771K, committed 76352K, reserved 1179648K
  class space    used 7862K, committed 8576K, reserved 1048576K
}
Event: 159.157 GC heap before
{Heap before GC invocations=86 (full 3):
 PSYoungGen      total 15360K, used 15341K [0x00000000d5580000, 0x00000000d6980000, 0x0000000100000000)
  eden space 12800K, 100% used [0x00000000d5580000,0x00000000d6200000,0x00000000d6200000)
  from space 2560K, 99% used [0x00000000d6700000,0x00000000d697b7f0,0x00000000d6980000)
  to   space 3072K, 0% used [0x00000000d6380000,0x00000000d6380000,0x00000000d6680000)
 ParOldGen       total 179200K, used 178882K [0x0000000080000000, 0x000000008af00000, 0x00000000d5580000)
  object space 179200K, 99% used [0x0000000080000000,0x000000008aeb0820,0x000000008af00000)
 Metaspace       used 74784K, committed 76352K, reserved 1179648K
  class space    used 7863K, committed 8576K, reserved 1048576K
}
Event: 159.162 GC heap after
{Heap after GC invocations=86 (full 3):
 PSYoungGen      total 15872K, used 3053K [0x00000000d5580000, 0x00000000d7500000, 0x0000000100000000)
  eden space 12800K, 0% used [0x00000000d5580000,0x00000000d5580000,0x00000000d6200000)
  from space 3072K, 99% used [0x00000000d6380000,0x00000000d667b7f0,0x00000000d6680000)
  to   space 9728K, 0% used [0x00000000d6b80000,0x00000000d6b80000,0x00000000d7500000)
 ParOldGen       total 184320K, used 184216K [0x0000000080000000, 0x000000008b400000, 0x00000000d5580000)
  object space 184320K, 99% used [0x0000000080000000,0x000000008b3e6010,0x000000008b400000)
 Metaspace       used 74784K, committed 76352K, reserved 1179648K
  class space    used 7863K, committed 8576K, reserved 1048576K
}
Event: 159.222 GC heap before
{Heap before GC invocations=87 (full 3):
 PSYoungGen      total 15872K, used 15853K [0x00000000d5580000, 0x00000000d7500000, 0x0000000100000000)
  eden space 12800K, 100% used [0x00000000d5580000,0x00000000d6200000,0x00000000d6200000)
  from space 3072K, 99% used [0x00000000d6380000,0x00000000d667b7f0,0x00000000d6680000)
  to   space 9728K, 0% used [0x00000000d6b80000,0x00000000d6b80000,0x00000000d7500000)
 ParOldGen       total 184320K, used 184216K [0x0000000080000000, 0x000000008b400000, 0x00000000d5580000)
  object space 184320K, 99% used [0x0000000080000000,0x000000008b3e6010,0x000000008b400000)
 Metaspace       used 74822K, committed 76352K, reserved 1179648K
  class space    used 7863K, committed 8576K, reserved 1048576K
}
Event: 159.224 GC heap after
{Heap after GC invocations=87 (full 3):
 PSYoungGen      total 14336K, used 1165K [0x00000000d5580000, 0x00000000d6d00000, 0x0000000100000000)
  eden space 12800K, 0% used [0x00000000d5580000,0x00000000d5580000,0x00000000d6200000)
  from space 1536K, 75% used [0x00000000d6b80000,0x00000000d6ca37f0,0x00000000d6d00000)
  to   space 4096K, 0% used [0x00000000d6500000,0x00000000d6500000,0x00000000d6900000)
 ParOldGen       total 185856K, used 185712K [0x0000000080000000, 0x000000008b580000, 0x00000000d5580000)
  object space 185856K, 99% used [0x0000000080000000,0x000000008b55c010,0x000000008b580000)
 Metaspace       used 74822K, committed 76352K, reserved 1179648K
  class space    used 7863K, committed 8576K, reserved 1048576K
}
Event: 159.268 GC heap before
{Heap before GC invocations=88 (full 3):
 PSYoungGen      total 14336K, used 13937K [0x00000000d5580000, 0x00000000d6d00000, 0x0000000100000000)
  eden space 12800K, 99% used [0x00000000d5580000,0x00000000d61f8f98,0x00000000d6200000)
  from space 1536K, 75% used [0x00000000d6b80000,0x00000000d6ca37f0,0x00000000d6d00000)
  to   space 4096K, 0% used [0x00000000d6500000,0x00000000d6500000,0x00000000d6900000)
 ParOldGen       total 185856K, used 185712K [0x0000000080000000, 0x000000008b580000, 0x00000000d5580000)
  object space 185856K, 99% used [0x0000000080000000,0x000000008b55c010,0x000000008b580000)
 Metaspace       used 74822K, committed 76352K, reserved 1179648K
  class space    used 7863K, committed 8576K, reserved 1048576K
}
Event: 159.269 GC heap after
{Heap after GC invocations=88 (full 3):
 PSYoungGen      total 16896K, used 128K [0x00000000d5580000, 0x00000000d6c00000, 0x0000000100000000)
  eden space 12800K, 0% used [0x00000000d5580000,0x00000000d5580000,0x00000000d6200000)
  from space 4096K, 3% used [0x00000000d6500000,0x00000000d6520000,0x00000000d6900000)
  to   space 1024K, 0% used [0x00000000d6b00000,0x00000000d6b00000,0x00000000d6c00000)
 ParOldGen       total 186368K, used 186029K [0x0000000080000000, 0x000000008b600000, 0x00000000d5580000)
  object space 186368K, 99% used [0x0000000080000000,0x000000008b5ab490,0x000000008b600000)
 Metaspace       used 74822K, committed 76352K, reserved 1179648K
  class space    used 7863K, committed 8576K, reserved 1048576K
}
Event: 202.145 GC heap before
{Heap before GC invocations=89 (full 3):
 PSYoungGen      total 16896K, used 12928K [0x00000000d5580000, 0x00000000d6c00000, 0x0000000100000000)
  eden space 12800K, 100% used [0x00000000d5580000,0x00000000d6200000,0x00000000d6200000)
  from space 4096K, 3% used [0x00000000d6500000,0x00000000d6520000,0x00000000d6900000)
  to   space 1024K, 0% used [0x00000000d6b00000,0x00000000d6b00000,0x00000000d6c00000)
 ParOldGen       total 186368K, used 186029K [0x0000000080000000, 0x000000008b600000, 0x00000000d5580000)
  object space 186368K, 99% used [0x0000000080000000,0x000000008b5ab490,0x000000008b600000)
 Metaspace       used 74866K, committed 76416K, reserved 1179648K
  class space    used 7863K, committed 8576K, reserved 1048576K
}
Event: 202.146 GC heap after
{Heap after GC invocations=89 (full 3):
 PSYoungGen      total 13312K, used 288K [0x00000000d5580000, 0x00000000d6b80000, 0x0000000100000000)
  eden space 12800K, 0% used [0x00000000d5580000,0x00000000d5580000,0x00000000d6200000)
  from space 512K, 56% used [0x00000000d6b00000,0x00000000d6b48000,0x00000000d6b80000)
  to   space 512K, 0% used [0x00000000d6a80000,0x00000000d6a80000,0x00000000d6b00000)
 ParOldGen       total 186368K, used 186053K [0x0000000080000000, 0x000000008b600000, 0x00000000d5580000)
  object space 186368K, 99% used [0x0000000080000000,0x000000008b5b1490,0x000000008b600000)
 Metaspace       used 74866K, committed 76416K, reserved 1179648K
  class space    used 7863K, committed 8576K, reserved 1048576K
}

